<?xml version="1.0" encoding="UTF-8"?>
<!-- Generated by org.testng.reporters.JUnitReportReporter -->
<testsuite hostname="DESKTOP-A08093L" failures="0" tests="2" name="tests.test1" time="4.906" errors="0" timestamp="2022-05-17T14:43:13 BDT" skipped="0">
  <testcase classname="tests.test1" name="Test2" time="1.735"/>
  <system-out/>
  <testcase classname="tests.test1" name="Test1" time="3.171"/>
  <system-out/>
</testsuite> <!-- tests.test1 -->
